// 重构日志: 0b552358
// 重构日志: 2f0e718c
// 重构日志: 8339fad7
// 重构日志: c3752c3c
// 同步 ID: 6da3d872 @ Sat Jul  4 10:27:58 UTC 2026
// 重构日志: ad15cd7e
// 重构日志: 48f087a5
// 同步 ID: a5ad36ea @ Wed Jul  8 09:53:11 UTC 2026
// 同步 ID: 451a86a3 @ Fri Jul 10 04:38:33 UTC 2026
// 同步 ID: c1dd7382 @ Fri Jul 10 08:10:41 UTC 2026
// 重构日志: 2984450e
// 重构日志: c4dc0ff0
// 重构日志: 8008b6d9
// 重构日志: 009b1dbe
// 重构日志: f327ccfe
// 同步 ID: cf915365 @ Sat Jul 11 16:52:45 UTC 2026
// 重构日志: 7956b3ff
// 重构日志: 3b3b3934
// 同步 ID: 5fc9caa5 @ Mon Jul 13 00:04:48 UTC 2026
// 重构日志: c45bcd85
// 重构日志: e404e828
// 同步 ID: 003b6cef @ Tue Jul 14 12:28:11 UTC 2026
// 重构日志: dc8ffa8a
// 重构日志: 860983f8
// 重构日志: bf4a365c
// 重构日志: f21c33a9
// 重构日志: 57dd1584
// 重构日志: 2dd098d1
// 重构日志: 7c833c2a
// 同步 ID: bbe2bb0b @ Sat Jul 18 09:51:04 UTC 2026
// 重构日志: cac985e6
